{
"src/interfaces/IYieldStrategy.sol":{"l":{},"path":"/Users/keerthirao/Documents/GitHub/projects/YieldRails/contracts/src/interfaces/IYieldStrategy.sol","s":{},"b":{},"f":{},"fnMap":{},"statementMap":{},"branchMap":{}},
"src/mocks/MockERC20.sol":{"l":{"18":6,"22":0,"26":7,"30":0},"path":"/Users/keerthirao/Documents/GitHub/projects/YieldRails/contracts/src/mocks/MockERC20.sol","s":{"1":0,"2":7,"3":0},"b":{},"f":{"1":6,"2":0,"3":7,"4":0},"fnMap":{"1":{"name":"constructor","line":17,"loc":{"start":{"line":13,"column":4},"end":{"line":19,"column":4}}},"2":{"name":"decimals","line":21,"loc":{"start":{"line":21,"column":4},"end":{"line":23,"column":4}}},"3":{"name":"mint","line":25,"loc":{"start":{"line":25,"column":4},"end":{"line":27,"column":4}}},"4":{"name":"burn","line":29,"loc":{"start":{"line":29,"column":4},"end":{"line":31,"column":4}}}},"statementMap":{"1":{"start":{"line":22,"column":8},"end":{"line":22,"column":30}},"2":{"start":{"line":26,"column":8},"end":{"line":26,"column":24}},"3":{"start":{"line":30,"column":8},"end":{"line":30,"column":26}}},"branchMap":{}},
"src/mocks/MockYieldStrategy.sol":{"l":{"25":18,"30":10,"34":3,"38":2,"43":48,"45":48,"46":48,"47":48,"48":48,"50":48,"51":48,"55":15,"57":12,"58":12,"59":12,"60":12,"62":12,"64":12,"65":12,"69":1,"70":1,"72":1,"73":1,"74":1,"75":1,"77":1,"78":1,"82":2,"86":15,"87":1,"89":14,"93":0,"97":4,"98":4,"102":48,"103":0,"107":13,"108":13,"112":0,"116":0,"129":0,"133":0,"137":0,"141":0,"145":0,"149":0},"path":"/Users/keerthirao/Documents/GitHub/projects/YieldRails/contracts/src/mocks/MockYieldStrategy.sol","s":{"1":48,"2":48,"3":48,"4":15,"5":12,"6":12,"7":12,"8":1,"9":1,"10":0,"11":1,"12":1,"13":2,"14":15,"15":1,"16":14,"17":0,"18":4,"19":4,"20":48,"21":48,"22":0,"23":13,"24":0,"25":13,"26":0,"27":0,"28":0,"29":0,"30":0,"31":0,"32":0,"33":0},"b":{"1":[12,3],"2":[0,1],"3":[1,14],"4":[48,0],"5":[0,13],"6":[0,0]},"f":{"1":18,"2":10,"3":3,"4":2,"5":48,"6":15,"7":1,"8":2,"9":15,"10":0,"11":4,"12":48,"13":13,"14":0,"15":0,"16":0,"17":0,"18":0,"19":0,"20":0,"21":0},"fnMap":{"1":{"name":"constructor","line":24,"loc":{"start":{"line":24,"column":4},"end":{"line":26,"column":4}}},"2":{"name":"setUserYield","line":29,"loc":{"start":{"line":29,"column":4},"end":{"line":31,"column":4}}},"3":{"name":"setShouldFail","line":33,"loc":{"start":{"line":33,"column":4},"end":{"line":35,"column":4}}},"4":{"name":"setCurrentAPY","line":37,"loc":{"start":{"line":37,"column":4},"end":{"line":39,"column":4}}},"5":{"name":"deposit","line":42,"loc":{"start":{"line":42,"column":4},"end":{"line":52,"column":4}}},"6":{"name":"withdraw","line":54,"loc":{"start":{"line":54,"column":4},"end":{"line":66,"column":4}}},"7":{"name":"emergencyWithdraw","line":68,"loc":{"start":{"line":68,"column":4},"end":{"line":79,"column":4}}},"8":{"name":"getCurrentAPY","line":81,"loc":{"start":{"line":81,"column":4},"end":{"line":83,"column":4}}},"9":{"name":"calculateUserYield","line":85,"loc":{"start":{"line":85,"column":4},"end":{"line":90,"column":4}}},"10":{"name":"getTotalYieldGenerated","line":92,"loc":{"start":{"line":92,"column":4},"end":{"line":94,"column":4}}},"11":{"name":"harvestYield","line":96,"loc":{"start":{"line":96,"column":4},"end":{"line":99,"column":4}}},"12":{"name":"convertToShares","line":101,"loc":{"start":{"line":101,"column":4},"end":{"line":104,"column":4}}},"13":{"name":"convertToAssets","line":106,"loc":{"start":{"line":106,"column":4},"end":{"line":109,"column":4}}},"14":{"name":"balanceOf","line":111,"loc":{"start":{"line":111,"column":4},"end":{"line":113,"column":4}}},"15":{"name":"getStrategyInfo","line":115,"loc":{"start":{"line":115,"column":4},"end":{"line":126,"column":4}}},"16":{"name":"totalAssets","line":128,"loc":{"start":{"line":128,"column":4},"end":{"line":130,"column":4}}},"17":{"name":"getRiskScore","line":132,"loc":{"start":{"line":132,"column":4},"end":{"line":134,"column":4}}},"18":{"name":"getPerformanceData","line":136,"loc":{"start":{"line":136,"column":4},"end":{"line":138,"column":4}}},"19":{"name":"isProfitable","line":140,"loc":{"start":{"line":140,"column":4},"end":{"line":142,"column":4}}},"20":{"name":"maxCapacity","line":144,"loc":{"start":{"line":144,"column":4},"end":{"line":146,"column":4}}},"21":{"name":"utilizationRate","line":148,"loc":{"start":{"line":148,"column":4},"end":{"line":150,"column":4}}}},"statementMap":{"1":{"start":{"line":43,"column":8},"end":{"line":43,"column":72}},"2":{"start":{"line":50,"column":8},"end":{"line":50,"column":48}},"3":{"start":{"line":51,"column":8},"end":{"line":51,"column":21}},"4":{"start":{"line":55,"column":8},"end":{"line":55,"column":70}},"5":{"start":{"line":62,"column":8},"end":{"line":62,"column":53}},"6":{"start":{"line":64,"column":8},"end":{"line":64,"column":51}},"7":{"start":{"line":65,"column":8},"end":{"line":65,"column":21}},"8":{"start":{"line":69,"column":8},"end":{"line":69,"column":44}},"9":{"start":{"line":70,"column":8},"end":{"line":70,"column":37}},"10":{"start":{"line":70,"column":29},"end":{"line":70,"column":37}},"11":{"start":{"line":77,"column":8},"end":{"line":77,"column":47}},"12":{"start":{"line":78,"column":8},"end":{"line":78,"column":21}},"13":{"start":{"line":82,"column":8},"end":{"line":82,"column":26}},"14":{"start":{"line":86,"column":8},"end":{"line":86,"column":2540}},"15":{"start":{"line":87,"column":12},"end":{"line":87,"column":42}},"16":{"start":{"line":89,"column":8},"end":{"line":89,"column":25}},"17":{"start":{"line":93,"column":8},"end":{"line":93,"column":25}},"18":{"start":{"line":97,"column":8},"end":{"line":97,"column":53}},"19":{"start":{"line":98,"column":8},"end":{"line":98,"column":25}},"20":{"start":{"line":102,"column":8},"end":{"line":102,"column":44}},"21":{"start":{"line":102,"column":31},"end":{"line":102,"column":44}},"22":{"start":{"line":103,"column":8},"end":{"line":103,"column":53}},"23":{"start":{"line":107,"column":8},"end":{"line":107,"column":44}},"24":{"start":{"line":107,"column":31},"end":{"line":107,"column":44}},"25":{"start":{"line":108,"column":8},"end":{"line":108,"column":53}},"26":{"start":{"line":112,"column":8},"end":{"line":112,"column":30}},"27":{"start":{"line":116,"column":8},"end":{"line":116,"column":3521}},"28":{"start":{"line":129,"column":8},"end":{"line":129,"column":27}},"29":{"start":{"line":133,"column":8},"end":{"line":133,"column":16}},"30":{"start":{"line":137,"column":8},"end":{"line":137,"column":26}},"31":{"start":{"line":141,"column":8},"end":{"line":141,"column":19}},"32":{"start":{"line":145,"column":8},"end":{"line":145,"column":32}},"33":{"start":{"line":149,"column":8},"end":{"line":149,"column":81}}},"branchMap":{"1":{"line":55,"type":"if","locations":[{"start":{"line":55,"column":8},"end":{"line":55,"column":8}},{"start":{"line":55,"column":8},"end":{"line":55,"column":8}}]},"2":{"line":70,"type":"if","locations":[{"start":{"line":70,"column":8},"end":{"line":70,"column":8}},{"start":{"line":70,"column":8},"end":{"line":70,"column":8}}]},"3":{"line":86,"type":"if","locations":[{"start":{"line":86,"column":8},"end":{"line":86,"column":8}},{"start":{"line":86,"column":8},"end":{"line":86,"column":8}}]},"4":{"line":102,"type":"if","locations":[{"start":{"line":102,"column":8},"end":{"line":102,"column":8}},{"start":{"line":102,"column":8},"end":{"line":102,"column":8}}]},"5":{"line":107,"type":"if","locations":[{"start":{"line":107,"column":8},"end":{"line":107,"column":8}},{"start":{"line":107,"column":8},"end":{"line":107,"column":8}}]},"6":{"line":149,"type":"if","locations":[{"start":{"line":149,"column":34},"end":{"line":149,"column":76}},{"start":{"line":149,"column":80},"end":{"line":149,"column":80}}]}}},
"src/YieldEscrow.sol":{"l":{"213":2,"214":1,"217":1,"218":1,"219":1,"253":31,"254":3,"256":28,"257":1,"259":27,"260":0,"262":27,"263":1,"265":26,"266":1,"270":25,"271":25,"274":25,"277":25,"278":25,"291":25,"292":25,"295":25,"296":25,"299":25,"300":25,"301":25,"303":25,"332":16,"333":1,"336":15,"338":15,"339":1,"341":14,"342":1,"346":13,"349":13,"352":13,"353":13,"354":13,"357":13,"358":13,"359":13,"362":13,"363":13,"366":10,"368":10,"389":1,"390":0,"393":1,"394":1,"395":0,"398":1,"399":1,"400":0,"403":1,"404":1,"421":17,"422":1,"425":16,"426":16,"427":1,"430":15,"433":14,"434":14,"435":14,"438":0,"441":1,"455":13,"457":13,"458":13,"459":13,"461":13,"474":2,"475":1,"478":1,"479":1,"480":1,"483":0,"484":0,"486":0,"502":3,"503":1,"506":2,"507":2,"508":1,"512":1,"515":1,"522":1,"524":1,"536":3,"543":1,"561":3,"562":1,"564":2,"565":0,"568":2,"569":2,"570":2,"572":2,"584":2,"585":1,"588":1,"590":1,"602":4,"603":1,"605":3,"606":1,"609":2,"610":2,"612":2,"629":4,"630":4,"640":1,"648":1,"649":1,"650":1,"661":1,"669":25,"670":25,"671":0,"676":25,"677":0,"680":25,"681":25,"682":0,"687":25,"688":25,"692":25,"696":35,"697":35,"698":35,"699":35,"702":35,"703":0,"704":0,"712":13,"713":10,"714":0,"717":3,"726":1,"727":1,"730":0,"731":0,"733":0,"747":2,"748":1,"751":1,"752":1,"754":1,"766":1,"767":1,"770":0,"771":0},"path":"/Users/keerthirao/Documents/GitHub/projects/YieldRails/contracts/src/YieldEscrow.sol","s":{"1":2,"2":1,"3":1,"4":31,"5":28,"6":27,"7":27,"8":26,"9":25,"10":25,"11":25,"12":25,"13":25,"14":25,"15":25,"16":25,"17":25,"18":25,"19":16,"20":15,"21":15,"22":14,"23":13,"24":13,"25":13,"26":13,"27":13,"28":13,"29":10,"30":10,"31":1,"32":1,"33":1,"34":1,"35":1,"36":1,"37":17,"38":1,"39":16,"40":16,"41":1,"42":15,"43":14,"44":14,"45":13,"46":13,"47":2,"48":1,"49":1,"50":0,"51":0,"52":3,"53":2,"54":2,"55":1,"56":1,"57":1,"58":3,"59":1,"60":3,"61":2,"62":2,"63":2,"64":2,"65":1,"66":4,"67":3,"68":1,"69":2,"70":2,"71":4,"72":1,"73":1,"74":25,"75":25,"76":25,"77":25,"78":25,"79":25,"80":35,"81":35,"82":0,"83":13,"84":10,"85":1,"86":0,"87":2,"88":1,"89":1,"90":1,"91":0},"b":{"1":[1,1],"2":[1,0],"3":[32,0],"4":[31,1],"5":[3,28],"6":[1,2],"7":[1,27],"8":[1,0],"9":[0,0],"10":[0,27],"11":[1,26],"12":[1,25],"13":[16,0],"14":[16,0],"15":[1,15],"16":[1,14],"17":[1,13],"18":[1,0],"19":[0,1],"20":[0,1],"21":[1,0],"22":[0,1],"23":[1,16],"24":[1,15],"25":[14,0],"26":[2,0],"27":[1,1],"28":[1,0],"29":[3,0],"30":[1,2],"31":[1,1],"32":[3,0],"33":[1,0],"34":[3,1],"35":[1,2],"36":[1,0],"37":[0,2],"38":[2,0],"39":[1,1],"40":[4,1],"41":[1,3],"42":[1,2],"43":[4,0],"44":[1,0],"45":[0,25],"46":[0,25],"47":[0,25],"48":[0,35],"49":[0,10],"50":[0,1],"51":[2,1],"52":[1,1],"53":[1,1],"54":[1,0]},"f":{"1":2,"2":31,"3":16,"4":1,"5":17,"6":13,"7":2,"8":3,"9":3,"10":1,"11":3,"12":2,"13":4,"14":4,"15":1,"16":1,"17":1,"18":25,"19":25,"20":25,"21":25,"22":35,"23":13,"24":1,"25":2,"26":1},"fnMap":{"1":{"name":"constructor","line":212,"loc":{"start":{"line":212,"column":4},"end":{"line":220,"column":4}}},"2":{"name":"createDeposit","line":251,"loc":{"start":{"line":244,"column":4},"end":{"line":312,"column":4}}},"3":{"name":"releasePayment","line":331,"loc":{"start":{"line":328,"column":4},"end":{"line":378,"column":4}}},"4":{"name":"withdrawMerchantBalance","line":388,"loc":{"start":{"line":385,"column":4},"end":{"line":405,"column":4}}},"5":{"name":"calculateYield","line":417,"loc":{"start":{"line":417,"column":4},"end":{"line":443,"column":4}}},"6":{"name":"_calculateAndUpdateYield","line":451,"loc":{"start":{"line":451,"column":4},"end":{"line":467,"column":4}}},"7":{"name":"withdrawUserYield","line":473,"loc":{"start":{"line":473,"column":4},"end":{"line":487,"column":4}}},"8":{"name":"emergencyWithdraw","line":501,"loc":{"start":{"line":498,"column":4},"end":{"line":530,"column":4}}},"9":{"name":"emergencyPause","line":535,"loc":{"start":{"line":535,"column":4},"end":{"line":537,"column":4}}},"10":{"name":"unpause","line":542,"loc":{"start":{"line":542,"column":4},"end":{"line":544,"column":4}}},"11":{"name":"addStrategy","line":560,"loc":{"start":{"line":556,"column":4},"end":{"line":573,"column":4}}},"12":{"name":"removeStrategy","line":583,"loc":{"start":{"line":580,"column":4},"end":{"line":591,"column":4}}},"13":{"name":"addSupportedToken","line":601,"loc":{"start":{"line":598,"column":4},"end":{"line":613,"column":4}}},"14":{"name":"getUserDeposit","line":625,"loc":{"start":{"line":625,"column":4},"end":{"line":632,"column":4}}},"15":{"name":"getUserDeposits","line":639,"loc":{"start":{"line":639,"column":4},"end":{"line":641,"column":4}}},"16":{"name":"getTotalValueLocked","line":647,"loc":{"start":{"line":647,"column":4},"end":{"line":653,"column":4}}},"17":{"name":"getStrategyMetrics","line":660,"loc":{"start":{"line":660,"column":4},"end":{"line":662,"column":4}}},"18":{"name":"_checkDailyLimits","line":668,"loc":{"start":{"line":668,"column":4},"end":{"line":673,"column":4}}},"19":{"name":"_checkUserLimits","line":675,"loc":{"start":{"line":675,"column":4},"end":{"line":684,"column":4}}},"20":{"name":"_updateDailyVolume","line":686,"loc":{"start":{"line":686,"column":4},"end":{"line":689,"column":4}}},"21":{"name":"_updateUserDailyVolume","line":691,"loc":{"start":{"line":691,"column":4},"end":{"line":693,"column":4}}},"22":{"name":"_updateStrategyMetrics","line":695,"loc":{"start":{"line":695,"column":4},"end":{"line":709,"column":4}}},"23":{"name":"_withdrawFromStrategy","line":711,"loc":{"start":{"line":711,"column":4},"end":{"line":719,"column":4}}},"24":{"name":"_emergencyWithdrawFromStrategy","line":721,"loc":{"start":{"line":721,"column":4},"end":{"line":736,"column":4}}},"25":{"name":"updateProtocolFeeRate","line":746,"loc":{"start":{"line":746,"column":4},"end":{"line":755,"column":4}}},"26":{"name":"withdrawProtocolFees","line":765,"loc":{"start":{"line":762,"column":4},"end":{"line":772,"column":4}}}},"statementMap":{"1":{"start":{"line":213,"column":8},"end":{"line":213,"column":8054}},"2":{"start":{"line":217,"column":8},"end":{"line":217,"column":44}},"3":{"start":{"line":218,"column":8},"end":{"line":218,"column":36}},"4":{"start":{"line":253,"column":8},"end":{"line":253,"column":9644}},"5":{"start":{"line":256,"column":8},"end":{"line":256,"column":9764}},"6":{"start":{"line":259,"column":8},"end":{"line":259,"column":9903}},"7":{"start":{"line":262,"column":8},"end":{"line":262,"column":9992}},"8":{"start":{"line":265,"column":8},"end":{"line":265,"column":10090}},"9":{"start":{"line":270,"column":8},"end":{"line":270,"column":32}},"10":{"start":{"line":271,"column":8},"end":{"line":271,"column":43}},"11":{"start":{"line":274,"column":8},"end":{"line":274,"column":72}},"12":{"start":{"line":278,"column":8},"end":{"line":278,"column":10532}},"13":{"start":{"line":295,"column":8},"end":{"line":295,"column":55}},"14":{"start":{"line":296,"column":8},"end":{"line":296,"column":52}},"15":{"start":{"line":299,"column":8},"end":{"line":299,"column":33}},"16":{"start":{"line":300,"column":8},"end":{"line":300,"column":49}},"17":{"start":{"line":301,"column":8},"end":{"line":301,"column":55}},"18":{"start":{"line":303,"column":8},"end":{"line":303,"column":11354}},"19":{"start":{"line":332,"column":8},"end":{"line":332,"column":12312}},"20":{"start":{"line":336,"column":8},"end":{"line":336,"column":66}},"21":{"start":{"line":338,"column":8},"end":{"line":338,"column":12492}},"22":{"start":{"line":341,"column":8},"end":{"line":341,"column":12632}},"23":{"start":{"line":346,"column":8},"end":{"line":346,"column":77}},"24":{"start":{"line":352,"column":8},"end":{"line":352,"column":83}},"25":{"start":{"line":353,"column":8},"end":{"line":353,"column":91}},"26":{"start":{"line":354,"column":8},"end":{"line":354,"column":74}},"27":{"start":{"line":362,"column":8},"end":{"line":362,"column":61}},"28":{"start":{"line":363,"column":8},"end":{"line":363,"column":79}},"29":{"start":{"line":366,"column":8},"end":{"line":366,"column":71}},"30":{"start":{"line":368,"column":8},"end":{"line":368,"column":13732}},"31":{"start":{"line":389,"column":8},"end":{"line":389,"column":14288}},"32":{"start":{"line":393,"column":8},"end":{"line":393,"column":63}},"33":{"start":{"line":394,"column":8},"end":{"line":394,"column":14443}},"34":{"start":{"line":398,"column":8},"end":{"line":398,"column":72}},"35":{"start":{"line":399,"column":8},"end":{"line":399,"column":14607}},"36":{"start":{"line":404,"column":8},"end":{"line":404,"column":61}},"37":{"start":{"line":421,"column":8},"end":{"line":421,"column":15459}},"38":{"start":{"line":422,"column":12},"end":{"line":422,"column":20}},"39":{"start":{"line":425,"column":8},"end":{"line":425,"column":65}},"40":{"start":{"line":426,"column":8},"end":{"line":426,"column":15613}},"41":{"start":{"line":427,"column":12},"end":{"line":427,"column":39}},"42":{"start":{"line":430,"column":8},"end":{"line":430,"column":15697}},"43":{"start":{"line":433,"column":12},"end":{"line":433,"column":90}},"44":{"start":{"line":434,"column":12},"end":{"line":434,"column":15996}},"45":{"start":{"line":455,"column":8},"end":{"line":455,"column":66}},"46":{"start":{"line":461,"column":8},"end":{"line":461,"column":16920}},"47":{"start":{"line":474,"column":8},"end":{"line":474,"column":17277}},"48":{"start":{"line":478,"column":8},"end":{"line":478,"column":60}},"49":{"start":{"line":479,"column":8},"end":{"line":479,"column":17429}},"50":{"start":{"line":484,"column":8},"end":{"line":484,"column":59}},"51":{"start":{"line":486,"column":8},"end":{"line":486,"column":60}},"52":{"start":{"line":502,"column":8},"end":{"line":502,"column":18276}},"53":{"start":{"line":506,"column":8},"end":{"line":506,"column":72}},"54":{"start":{"line":507,"column":8},"end":{"line":507,"column":18459}},"55":{"start":{"line":515,"column":8},"end":{"line":515,"column":18654}},"56":{"start":{"line":522,"column":8},"end":{"line":522,"column":70}},"57":{"start":{"line":524,"column":8},"end":{"line":524,"column":18965}},"58":{"start":{"line":536,"column":8},"end":{"line":536,"column":15}},"59":{"start":{"line":543,"column":8},"end":{"line":543,"column":17}},"60":{"start":{"line":561,"column":8},"end":{"line":561,"column":20033}},"61":{"start":{"line":564,"column":8},"end":{"line":564,"column":20141}},"62":{"start":{"line":570,"column":8},"end":{"line":570,"column":34}},"63":{"start":{"line":572,"column":8},"end":{"line":572,"column":49}},"64":{"start":{"line":584,"column":8},"end":{"line":584,"column":20715}},"65":{"start":{"line":590,"column":8},"end":{"line":590,"column":46}},"66":{"start":{"line":602,"column":8},"end":{"line":602,"column":21168}},"67":{"start":{"line":605,"column":8},"end":{"line":605,"column":21250}},"68":{"start":{"line":606,"column":12},"end":{"line":606,"column":18}},"69":{"start":{"line":610,"column":8},"end":{"line":610,"column":28}},"70":{"start":{"line":612,"column":8},"end":{"line":612,"column":38}},"71":{"start":{"line":629,"column":8},"end":{"line":629,"column":22034}},"72":{"start":{"line":648,"column":8},"end":{"line":648,"column":22646}},"73":{"start":{"line":649,"column":12},"end":{"line":649,"column":22714}},"74":{"start":{"line":669,"column":8},"end":{"line":669,"column":57}},"75":{"start":{"line":670,"column":8},"end":{"line":670,"column":23552}},"76":{"start":{"line":676,"column":8},"end":{"line":676,"column":23748}},"77":{"start":{"line":680,"column":8},"end":{"line":680,"column":57}},"78":{"start":{"line":681,"column":8},"end":{"line":681,"column":23929}},"79":{"start":{"line":687,"column":8},"end":{"line":687,"column":57}},"80":{"start":{"line":696,"column":8},"end":{"line":696,"column":67}},"81":{"start":{"line":702,"column":8},"end":{"line":702,"column":24765}},"82":{"start":{"line":703,"column":12},"end":{"line":703,"column":24807}},"83":{"start":{"line":712,"column":8},"end":{"line":712,"column":25173}},"84":{"start":{"line":713,"column":12},"end":{"line":713,"column":25265}},"85":{"start":{"line":726,"column":8},"end":{"line":726,"column":25592}},"86":{"start":{"line":730,"column":12},"end":{"line":730,"column":25879}},"87":{"start":{"line":747,"column":8},"end":{"line":747,"column":26549}},"88":{"start":{"line":751,"column":8},"end":{"line":751,"column":40}},"89":{"start":{"line":754,"column":8},"end":{"line":754,"column":51}},"90":{"start":{"line":766,"column":8},"end":{"line":766,"column":27058}},"91":{"start":{"line":771,"column":8},"end":{"line":771,"column":55}}},"branchMap":{"1":{"line":213,"type":"if","locations":[{"start":{"line":213,"column":8},"end":{"line":213,"column":8}},{"start":{"line":213,"column":8},"end":{"line":213,"column":8}}]},"2":{"line":213,"type":"cond-expr","locations":[{"start":{"line":213,"column":12},"end":{"line":213,"column":30}},{"start":{"line":213,"column":35},"end":{"line":213,"column":61}}]},"3":{"line":251,"type":"if","locations":[{"start":{"line":251,"column":15},"end":{"line":251,"column":15}},{"start":{"line":251,"column":15},"end":{"line":251,"column":15}}]},"4":{"line":251,"type":"if","locations":[{"start":{"line":251,"column":28},"end":{"line":251,"column":28}},{"start":{"line":251,"column":28},"end":{"line":251,"column":28}}]},"5":{"line":253,"type":"if","locations":[{"start":{"line":253,"column":8},"end":{"line":253,"column":8}},{"start":{"line":253,"column":8},"end":{"line":253,"column":8}}]},"6":{"line":253,"type":"cond-expr","locations":[{"start":{"line":253,"column":12},"end":{"line":253,"column":38}},{"start":{"line":253,"column":43},"end":{"line":253,"column":69}}]},"7":{"line":256,"type":"if","locations":[{"start":{"line":256,"column":8},"end":{"line":256,"column":8}},{"start":{"line":256,"column":8},"end":{"line":256,"column":8}}]},"8":{"line":256,"type":"cond-expr","locations":[{"start":{"line":256,"column":12},"end":{"line":256,"column":30}},{"start":{"line":256,"column":35},"end":{"line":256,"column":56}}]},"9":{"line":256,"type":"cond-expr","locations":[{"start":{"line":256,"column":12},"end":{"line":256,"column":56}},{"start":{"line":256,"column":61},"end":{"line":256,"column":87}}]},"10":{"line":259,"type":"if","locations":[{"start":{"line":259,"column":8},"end":{"line":259,"column":8}},{"start":{"line":259,"column":8},"end":{"line":259,"column":8}}]},"11":{"line":262,"type":"if","locations":[{"start":{"line":262,"column":8},"end":{"line":262,"column":8}},{"start":{"line":262,"column":8},"end":{"line":262,"column":8}}]},"12":{"line":265,"type":"if","locations":[{"start":{"line":265,"column":8},"end":{"line":265,"column":8}},{"start":{"line":265,"column":8},"end":{"line":265,"column":8}}]},"13":{"line":331,"type":"if","locations":[{"start":{"line":331,"column":15},"end":{"line":331,"column":15}},{"start":{"line":331,"column":15},"end":{"line":331,"column":15}}]},"14":{"line":331,"type":"if","locations":[{"start":{"line":331,"column":28},"end":{"line":331,"column":28}},{"start":{"line":331,"column":28},"end":{"line":331,"column":28}}]},"15":{"line":332,"type":"if","locations":[{"start":{"line":332,"column":8},"end":{"line":332,"column":8}},{"start":{"line":332,"column":8},"end":{"line":332,"column":8}}]},"16":{"line":338,"type":"if","locations":[{"start":{"line":338,"column":8},"end":{"line":338,"column":8}},{"start":{"line":338,"column":8},"end":{"line":338,"column":8}}]},"17":{"line":341,"type":"if","locations":[{"start":{"line":341,"column":8},"end":{"line":341,"column":8}},{"start":{"line":341,"column":8},"end":{"line":341,"column":8}}]},"18":{"line":388,"type":"if","locations":[{"start":{"line":388,"column":15},"end":{"line":388,"column":15}},{"start":{"line":388,"column":15},"end":{"line":388,"column":15}}]},"19":{"line":389,"type":"if","locations":[{"start":{"line":389,"column":8},"end":{"line":389,"column":8}},{"start":{"line":389,"column":8},"end":{"line":389,"column":8}}]},"20":{"line":394,"type":"if","locations":[{"start":{"line":394,"column":8},"end":{"line":394,"column":8}},{"start":{"line":394,"column":8},"end":{"line":394,"column":8}}]},"21":{"line":398,"type":"if","locations":[{"start":{"line":398,"column":47},"end":{"line":398,"column":62}},{"start":{"line":398,"column":66},"end":{"line":398,"column":71}}]},"22":{"line":399,"type":"if","locations":[{"start":{"line":399,"column":8},"end":{"line":399,"column":8}},{"start":{"line":399,"column":8},"end":{"line":399,"column":8}}]},"23":{"line":421,"type":"if","locations":[{"start":{"line":421,"column":8},"end":{"line":421,"column":8}},{"start":{"line":421,"column":8},"end":{"line":421,"column":8}}]},"24":{"line":426,"type":"if","locations":[{"start":{"line":426,"column":8},"end":{"line":426,"column":8}},{"start":{"line":426,"column":8},"end":{"line":426,"column":8}}]},"25":{"line":434,"type":"if","locations":[{"start":{"line":434,"column":12},"end":{"line":434,"column":12}},{"start":{"line":434,"column":12},"end":{"line":434,"column":12}}]},"26":{"line":473,"type":"if","locations":[{"start":{"line":473,"column":55},"end":{"line":473,"column":55}},{"start":{"line":473,"column":55},"end":{"line":473,"column":55}}]},"27":{"line":474,"type":"if","locations":[{"start":{"line":474,"column":8},"end":{"line":474,"column":8}},{"start":{"line":474,"column":8},"end":{"line":474,"column":8}}]},"28":{"line":479,"type":"if","locations":[{"start":{"line":479,"column":8},"end":{"line":479,"column":8}},{"start":{"line":479,"column":8},"end":{"line":479,"column":8}}]},"29":{"line":501,"type":"if","locations":[{"start":{"line":501,"column":15},"end":{"line":501,"column":15}},{"start":{"line":501,"column":15},"end":{"line":501,"column":15}}]},"30":{"line":502,"type":"if","locations":[{"start":{"line":502,"column":8},"end":{"line":502,"column":8}},{"start":{"line":502,"column":8},"end":{"line":502,"column":8}}]},"31":{"line":507,"type":"if","locations":[{"start":{"line":507,"column":8},"end":{"line":507,"column":8}},{"start":{"line":507,"column":8},"end":{"line":507,"column":8}}]},"32":{"line":535,"type":"if","locations":[{"start":{"line":535,"column":39},"end":{"line":535,"column":39}},{"start":{"line":535,"column":39},"end":{"line":535,"column":39}}]},"33":{"line":542,"type":"if","locations":[{"start":{"line":542,"column":32},"end":{"line":542,"column":32}},{"start":{"line":542,"column":32},"end":{"line":542,"column":32}}]},"34":{"line":560,"type":"if","locations":[{"start":{"line":560,"column":15},"end":{"line":560,"column":15}},{"start":{"line":560,"column":15},"end":{"line":560,"column":15}}]},"35":{"line":561,"type":"if","locations":[{"start":{"line":561,"column":8},"end":{"line":561,"column":8}},{"start":{"line":561,"column":8},"end":{"line":561,"column":8}}]},"36":{"line":561,"type":"cond-expr","locations":[{"start":{"line":561,"column":12},"end":{"line":561,"column":33}},{"start":{"line":561,"column":38},"end":{"line":561,"column":56}}]},"37":{"line":564,"type":"if","locations":[{"start":{"line":564,"column":8},"end":{"line":564,"column":8}},{"start":{"line":564,"column":8},"end":{"line":564,"column":8}}]},"38":{"line":583,"type":"if","locations":[{"start":{"line":583,"column":15},"end":{"line":583,"column":15}},{"start":{"line":583,"column":15},"end":{"line":583,"column":15}}]},"39":{"line":584,"type":"if","locations":[{"start":{"line":584,"column":8},"end":{"line":584,"column":8}},{"start":{"line":584,"column":8},"end":{"line":584,"column":8}}]},"40":{"line":601,"type":"if","locations":[{"start":{"line":601,"column":15},"end":{"line":601,"column":15}},{"start":{"line":601,"column":15},"end":{"line":601,"column":15}}]},"41":{"line":602,"type":"if","locations":[{"start":{"line":602,"column":8},"end":{"line":602,"column":8}},{"start":{"line":602,"column":8},"end":{"line":602,"column":8}}]},"42":{"line":605,"type":"if","locations":[{"start":{"line":605,"column":8},"end":{"line":605,"column":8}},{"start":{"line":605,"column":8},"end":{"line":605,"column":8}}]},"43":{"line":629,"type":"if","locations":[{"start":{"line":629,"column":8},"end":{"line":629,"column":8}},{"start":{"line":629,"column":8},"end":{"line":629,"column":8}}]},"44":{"line":649,"type":"if","locations":[{"start":{"line":649,"column":12},"end":{"line":649,"column":12}},{"start":{"line":649,"column":12},"end":{"line":649,"column":12}}]},"45":{"line":670,"type":"if","locations":[{"start":{"line":670,"column":8},"end":{"line":670,"column":8}},{"start":{"line":670,"column":8},"end":{"line":670,"column":8}}]},"46":{"line":676,"type":"if","locations":[{"start":{"line":676,"column":8},"end":{"line":676,"column":8}},{"start":{"line":676,"column":8},"end":{"line":676,"column":8}}]},"47":{"line":681,"type":"if","locations":[{"start":{"line":681,"column":8},"end":{"line":681,"column":8}},{"start":{"line":681,"column":8},"end":{"line":681,"column":8}}]},"48":{"line":702,"type":"if","locations":[{"start":{"line":702,"column":8},"end":{"line":702,"column":8}},{"start":{"line":702,"column":8},"end":{"line":702,"column":8}}]},"49":{"line":713,"type":"if","locations":[{"start":{"line":713,"column":12},"end":{"line":713,"column":12}},{"start":{"line":713,"column":12},"end":{"line":713,"column":12}}]},"50":{"line":727,"type":"if","locations":[{"start":{"line":727,"column":54},"end":{"line":727,"column":59}},{"start":{"line":727,"column":63},"end":{"line":727,"column":80}}]},"51":{"line":746,"type":"if","locations":[{"start":{"line":746,"column":64},"end":{"line":746,"column":64}},{"start":{"line":746,"column":64},"end":{"line":746,"column":64}}]},"52":{"line":747,"type":"if","locations":[{"start":{"line":747,"column":8},"end":{"line":747,"column":8}},{"start":{"line":747,"column":8},"end":{"line":747,"column":8}}]},"53":{"line":765,"type":"if","locations":[{"start":{"line":765,"column":15},"end":{"line":765,"column":15}},{"start":{"line":765,"column":15},"end":{"line":765,"column":15}}]},"54":{"line":766,"type":"if","locations":[{"start":{"line":766,"column":8},"end":{"line":766,"column":8}},{"start":{"line":766,"column":8},"end":{"line":766,"column":8}}]}}},
"src/YieldVault.sol":{"l":{"210":2,"211":1,"214":1,"215":1,"217":1,"218":1,"219":1,"220":1,"222":1,"242":44,"243":43,"244":42,"245":41,"246":39,"249":38,"250":38,"252":0,"255":38,"266":38,"267":38,"268":38,"271":38,"281":38,"283":38,"295":1,"297":1,"300":1,"301":1,"302":0,"304":0,"307":0,"309":0,"317":1,"318":1,"319":1,"320":1,"323":1,"324":1,"325":1,"326":1,"327":1,"331":1,"344":14,"347":13,"350":13,"353":13,"354":13,"355":13,"358":13,"360":13,"369":2,"370":2,"373":1,"376":1,"379":1,"380":1,"381":1,"384":1,"386":1,"401":3,"402":0,"404":3,"407":3,"408":3,"409":3,"410":3,"411":0,"415":0,"416":0,"419":0,"420":0,"421":0,"425":0,"426":0,"430":0,"432":0,"434":0,"441":1,"442":1,"443":0,"447":1,"450":1,"451":2,"452":2,"453":2,"458":1,"460":1,"468":2,"469":4,"470":4,"471":4,"473":4,"474":4,"475":4,"478":4,"480":4,"485":0,"491":2,"492":2,"495":2,"496":2,"509":1,"510":1,"512":1,"513":2,"514":2,"515":2,"517":2,"518":2,"519":2,"520":2,"523":0,"528":1,"529":1,"539":14,"540":14,"542":0,"551":3,"552":1,"554":2,"563":4,"572":2,"585":1,"593":13,"594":23,"595":23,"596":23,"597":23,"599":23,"600":23,"601":23,"602":23,"605":0,"613":1,"616":1,"617":2,"618":2,"619":2,"621":2,"622":2,"625":2,"626":2,"627":2,"628":2,"631":0,"641":1,"642":2,"643":2,"644":2,"650":1,"653":1,"654":1,"655":2,"656":2,"660":1,"661":1,"662":1,"663":2,"664":2,"671":0,"672":0,"673":0,"679":0,"681":0,"682":0,"683":0,"684":0,"688":0,"689":0,"694":38,"695":38,"697":38,"698":94,"699":94,"700":94,"701":94,"702":94,"706":38,"707":38,"708":38,"709":0,"715":2,"716":2,"717":2,"719":2,"720":2,"733":2,"740":1,"752":4,"753":2,"755":1,"756":1,"757":1,"758":1},"path":"/Users/keerthirao/Documents/GitHub/projects/YieldRails/contracts/src/YieldVault.sol","s":{"1":2,"2":1,"3":1,"4":1,"5":1,"6":44,"7":43,"8":42,"9":41,"10":39,"11":38,"12":38,"13":38,"14":38,"15":38,"16":1,"17":1,"18":1,"19":1,"20":0,"21":0,"22":1,"23":1,"24":1,"25":1,"26":14,"27":13,"28":13,"29":13,"30":2,"31":2,"32":1,"33":1,"34":1,"35":3,"36":3,"37":3,"38":3,"39":3,"40":3,"41":0,"42":0,"43":0,"44":0,"45":0,"46":0,"47":0,"48":1,"49":1,"50":1,"51":1,"52":2,"53":2,"54":1,"55":2,"56":4,"57":4,"58":4,"59":4,"60":4,"61":4,"62":2,"63":2,"64":2,"65":1,"66":1,"67":1,"68":2,"69":2,"70":2,"71":2,"72":2,"73":1,"74":14,"75":14,"76":0,"77":3,"78":1,"79":2,"80":4,"81":2,"82":1,"83":13,"84":23,"85":23,"86":23,"87":23,"88":23,"89":23,"90":23,"91":0,"92":1,"93":1,"94":2,"95":2,"96":2,"97":2,"98":2,"99":2,"100":2,"101":1,"102":2,"103":2,"104":1,"105":1,"106":2,"107":1,"108":1,"109":1,"110":2,"111":0,"112":0,"113":0,"114":0,"115":0,"116":0,"117":0,"118":38,"119":38,"120":38,"121":94,"122":94,"123":94,"124":38,"125":38,"126":38,"127":2,"128":2,"129":2,"130":2,"131":2,"132":2,"133":1,"134":4,"135":2},"b":{"1":[1,1],"2":[1,0],"3":[0,0],"4":[44,1],"5":[1,43],"6":[1,42],"7":[1,41],"8":[2,39],"9":[1,1],"10":[1,38],"11":[0,38],"12":[1,0],"13":[0,1],"14":[0,1],"15":[1,0],"16":[15,0],"17":[14,1],"18":[1,13],"19":[2,0],"20":[0,2],"21":[1,1],"22":[3,1],"23":[0,3],"24":[0,3],"25":[0,3],"26":[3,0],"27":[0,0],"28":[0,0],"29":[1,0],"30":[0,1],"31":[0,1],"32":[2,0],"33":[2,0],"34":[4,0],"35":[4,0],"36":[2,0],"37":[2,0],"38":[1,0],"39":[14,0],"40":[14,0],"41":[1,2],"42":[23,0],"43":[23,0],"44":[2,0],"45":[2,0],"46":[2,0],"47":[2,0],"48":[1,0],"49":[2,0],"50":[0,0],"51":[0,0],"52":[0,0],"53":[94,0],"54":[38,0],"55":[0,38],"56":[2,0],"57":[2,0],"58":[2,1],"59":[1,0],"60":[4,1],"61":[2,2],"62":[1,1],"63":[1,1]},"f":{"1":2,"2":44,"3":1,"4":14,"5":2,"6":3,"7":1,"8":2,"9":1,"10":14,"11":3,"12":4,"13":2,"14":1,"15":13,"16":1,"17":1,"18":1,"19":0,"20":0,"21":38,"22":2,"23":2,"24":1,"25":4},"fnMap":{"1":{"name":"constructor","line":205,"loc":{"start":{"line":205,"column":4},"end":{"line":223,"column":4}}},"2":{"name":"addStrategy","line":241,"loc":{"start":{"line":236,"column":4},"end":{"line":284,"column":4}}},"3":{"name":"removeStrategy","line":294,"loc":{"start":{"line":291,"column":4},"end":{"line":332,"column":4}}},"4":{"name":"deposit","line":343,"loc":{"start":{"line":343,"column":4},"end":{"line":361,"column":4}}},"5":{"name":"withdraw","line":368,"loc":{"start":{"line":368,"column":4},"end":{"line":387,"column":4}}},"6":{"name":"rebalance","line":400,"loc":{"start":{"line":397,"column":4},"end":{"line":435,"column":4}}},"7":{"name":"autoRebalance","line":440,"loc":{"start":{"line":440,"column":4},"end":{"line":461,"column":4}}},"8":{"name":"harvestAll","line":467,"loc":{"start":{"line":467,"column":4},"end":{"line":498,"column":4}}},"9":{"name":"getCurrentAPY","line":508,"loc":{"start":{"line":508,"column":4},"end":{"line":531,"column":4}}},"10":{"name":"convertToShares","line":538,"loc":{"start":{"line":538,"column":4},"end":{"line":543,"column":4}}},"11":{"name":"convertToAssets","line":550,"loc":{"start":{"line":550,"column":4},"end":{"line":555,"column":4}}},"12":{"name":"balanceOf","line":562,"loc":{"start":{"line":562,"column":4},"end":{"line":564,"column":4}}},"13":{"name":"getStrategyInfo","line":571,"loc":{"start":{"line":571,"column":4},"end":{"line":573,"column":4}}},"14":{"name":"getStrategyPerformance","line":580,"loc":{"start":{"line":580,"column":4},"end":{"line":586,"column":4}}},"15":{"name":"_allocateToStrategies","line":592,"loc":{"start":{"line":592,"column":4},"end":{"line":610,"column":4}}},"16":{"name":"_withdrawFromStrategies","line":612,"loc":{"start":{"line":612,"column":4},"end":{"line":636,"column":4}}},"17":{"name":"_executeRebalance","line":638,"loc":{"start":{"line":638,"column":4},"end":{"line":647,"column":4}}},"18":{"name":"_calculateOptimalAllocations","line":649,"loc":{"start":{"line":649,"column":4},"end":{"line":668,"column":4}}},"19":{"name":"_getActiveStrategyCount","line":670,"loc":{"start":{"line":670,"column":4},"end":{"line":676,"column":4}}},"20":{"name":"_validateTotalAllocations","line":678,"loc":{"start":{"line":678,"column":4},"end":{"line":691,"column":4}}},"21":{"name":"_validateRiskLimits","line":693,"loc":{"start":{"line":693,"column":4},"end":{"line":712,"column":4}}},"22":{"name":"_collectFees","line":714,"loc":{"start":{"line":714,"column":4},"end":{"line":723,"column":4}}},"23":{"name":"emergencyPause","line":732,"loc":{"start":{"line":732,"column":4},"end":{"line":734,"column":4}}},"24":{"name":"unpause","line":739,"loc":{"start":{"line":739,"column":4},"end":{"line":741,"column":4}}},"25":{"name":"updateVaultParameters","line":751,"loc":{"start":{"line":746,"column":4},"end":{"line":759,"column":4}}}},"statementMap":{"1":{"start":{"line":210,"column":8},"end":{"line":210,"column":7431}},"2":{"start":{"line":217,"column":8},"end":{"line":217,"column":45}},"3":{"start":{"line":218,"column":8},"end":{"line":218,"column":37}},"4":{"start":{"line":219,"column":8},"end":{"line":219,"column":48}},"5":{"start":{"line":220,"column":8},"end":{"line":220,"column":42}},"6":{"start":{"line":242,"column":8},"end":{"line":242,"column":60}},"7":{"start":{"line":243,"column":8},"end":{"line":243,"column":70}},"8":{"start":{"line":244,"column":8},"end":{"line":244,"column":80}},"9":{"start":{"line":245,"column":8},"end":{"line":245,"column":68}},"10":{"start":{"line":246,"column":8},"end":{"line":246,"column":87}},"11":{"start":{"line":249,"column":8},"end":{"line":249,"column":9032}},"12":{"start":{"line":250,"column":12},"end":{"line":250,"column":73}},"13":{"start":{"line":267,"column":8},"end":{"line":267,"column":34}},"14":{"start":{"line":281,"column":8},"end":{"line":281,"column":28}},"15":{"start":{"line":283,"column":8},"end":{"line":283,"column":72}},"16":{"start":{"line":295,"column":8},"end":{"line":295,"column":67}},"17":{"start":{"line":297,"column":8},"end":{"line":297,"column":64}},"18":{"start":{"line":300,"column":8},"end":{"line":300,"column":35}},"19":{"start":{"line":301,"column":8},"end":{"line":301,"column":10741}},"20":{"start":{"line":302,"column":12},"end":{"line":302,"column":10796}},"21":{"start":{"line":307,"column":16},"end":{"line":307,"column":11032}},"22":{"start":{"line":323,"column":8},"end":{"line":323,"column":11578}},"23":{"start":{"line":324,"column":12},"end":{"line":324,"column":11646}},"24":{"start":{"line":326,"column":16},"end":{"line":326,"column":33}},"25":{"start":{"line":331,"column":8},"end":{"line":331,"column":63}},"26":{"start":{"line":344,"column":8},"end":{"line":344,"column":47}},"27":{"start":{"line":350,"column":8},"end":{"line":350,"column":64}},"28":{"start":{"line":358,"column":8},"end":{"line":358,"column":36}},"29":{"start":{"line":360,"column":8},"end":{"line":360,"column":48}},"30":{"start":{"line":369,"column":8},"end":{"line":369,"column":47}},"31":{"start":{"line":370,"column":8},"end":{"line":370,"column":72}},"32":{"start":{"line":376,"column":8},"end":{"line":376,"column":38}},"33":{"start":{"line":384,"column":8},"end":{"line":384,"column":45}},"34":{"start":{"line":386,"column":8},"end":{"line":386,"column":51}},"35":{"start":{"line":401,"column":8},"end":{"line":401,"column":14354}},"36":{"start":{"line":404,"column":8},"end":{"line":404,"column":85}},"37":{"start":{"line":407,"column":8},"end":{"line":407,"column":35}},"38":{"start":{"line":408,"column":8},"end":{"line":408,"column":14635}},"39":{"start":{"line":409,"column":12},"end":{"line":409,"column":83}},"40":{"start":{"line":410,"column":12},"end":{"line":410,"column":91}},"41":{"start":{"line":415,"column":8},"end":{"line":415,"column":93}},"42":{"start":{"line":416,"column":8},"end":{"line":416,"column":71}},"43":{"start":{"line":419,"column":8},"end":{"line":419,"column":81}},"44":{"start":{"line":420,"column":8},"end":{"line":420,"column":15325}},"45":{"start":{"line":425,"column":8},"end":{"line":425,"column":15515}},"46":{"start":{"line":430,"column":8},"end":{"line":430,"column":26}},"47":{"start":{"line":434,"column":8},"end":{"line":434,"column":103}},"48":{"start":{"line":441,"column":8},"end":{"line":441,"column":57}},"49":{"start":{"line":442,"column":8},"end":{"line":442,"column":16116}},"50":{"start":{"line":447,"column":8},"end":{"line":447,"column":76}},"51":{"start":{"line":450,"column":8},"end":{"line":450,"column":16406}},"52":{"start":{"line":451,"column":12},"end":{"line":451,"column":46}},"53":{"start":{"line":452,"column":12},"end":{"line":452,"column":16522}},"54":{"start":{"line":458,"column":8},"end":{"line":458,"column":26}},"55":{"start":{"line":468,"column":8},"end":{"line":468,"column":16975}},"56":{"start":{"line":469,"column":12},"end":{"line":469,"column":50}},"57":{"start":{"line":470,"column":12},"end":{"line":470,"column":17095}},"58":{"start":{"line":471,"column":16},"end":{"line":471,"column":76}},"59":{"start":{"line":473,"column":16},"end":{"line":473,"column":17248}},"60":{"start":{"line":474,"column":20},"end":{"line":474,"column":17348}},"61":{"start":{"line":480,"column":24},"end":{"line":480,"column":17725}},"62":{"start":{"line":491,"column":8},"end":{"line":491,"column":48}},"63":{"start":{"line":495,"column":8},"end":{"line":495,"column":18163}},"64":{"start":{"line":496,"column":12},"end":{"line":496,"column":44}},"65":{"start":{"line":509,"column":8},"end":{"line":509,"column":36}},"66":{"start":{"line":510,"column":8},"end":{"line":510,"column":31}},"67":{"start":{"line":512,"column":8},"end":{"line":512,"column":18797}},"68":{"start":{"line":513,"column":12},"end":{"line":513,"column":50}},"69":{"start":{"line":514,"column":12},"end":{"line":514,"column":18917}},"70":{"start":{"line":515,"column":16},"end":{"line":515,"column":75}},"71":{"start":{"line":517,"column":16},"end":{"line":517,"column":19069}},"72":{"start":{"line":518,"column":20},"end":{"line":518,"column":60}},"73":{"start":{"line":528,"column":8},"end":{"line":528,"column":19464}},"74":{"start":{"line":539,"column":8},"end":{"line":539,"column":19791}},"75":{"start":{"line":540,"column":12},"end":{"line":540,"column":25}},"76":{"start":{"line":542,"column":8},"end":{"line":542,"column":54}},"77":{"start":{"line":551,"column":8},"end":{"line":551,"column":20167}},"78":{"start":{"line":552,"column":12},"end":{"line":552,"column":25}},"79":{"start":{"line":554,"column":8},"end":{"line":554,"column":54}},"80":{"start":{"line":563,"column":8},"end":{"line":563,"column":30}},"81":{"start":{"line":572,"column":8},"end":{"line":572,"column":35}},"82":{"start":{"line":585,"column":8},"end":{"line":585,"column":44}},"83":{"start":{"line":593,"column":8},"end":{"line":593,"column":21520}},"84":{"start":{"line":594,"column":12},"end":{"line":594,"column":50}},"85":{"start":{"line":595,"column":12},"end":{"line":595,"column":21640}},"86":{"start":{"line":596,"column":16},"end":{"line":596,"column":76}},"87":{"start":{"line":597,"column":16},"end":{"line":597,"column":92}},"88":{"start":{"line":599,"column":16},"end":{"line":599,"column":21887}},"89":{"start":{"line":600,"column":20},"end":{"line":600,"column":68}},"90":{"start":{"line":601,"column":20},"end":{"line":601,"column":22010}},"91":{"start":{"line":605,"column":24},"end":{"line":605,"column":57}},"92":{"start":{"line":613,"column":8},"end":{"line":613,"column":44}},"93":{"start":{"line":616,"column":8},"end":{"line":616,"column":22535}},"94":{"start":{"line":617,"column":12},"end":{"line":617,"column":50}},"95":{"start":{"line":618,"column":12},"end":{"line":618,"column":22682}},"96":{"start":{"line":619,"column":16},"end":{"line":619,"column":76}},"97":{"start":{"line":621,"column":16},"end":{"line":621,"column":94}},"98":{"start":{"line":622,"column":16},"end":{"line":622,"column":22994}},"99":{"start":{"line":625,"column":16},"end":{"line":625,"column":23100}},"100":{"start":{"line":626,"column":20},"end":{"line":626,"column":23150}},"101":{"start":{"line":641,"column":8},"end":{"line":641,"column":23787}},"102":{"start":{"line":642,"column":12},"end":{"line":642,"column":50}},"103":{"start":{"line":643,"column":12},"end":{"line":643,"column":23907}},"104":{"start":{"line":653,"column":8},"end":{"line":653,"column":31}},"105":{"start":{"line":654,"column":8},"end":{"line":654,"column":24336}},"106":{"start":{"line":655,"column":12},"end":{"line":655,"column":24404}},"107":{"start":{"line":660,"column":8},"end":{"line":660,"column":24513}},"108":{"start":{"line":661,"column":12},"end":{"line":661,"column":60}},"109":{"start":{"line":662,"column":12},"end":{"line":662,"column":24614}},"110":{"start":{"line":663,"column":16},"end":{"line":663,"column":24686}},"111":{"start":{"line":671,"column":8},"end":{"line":671,"column":24905}},"112":{"start":{"line":672,"column":12},"end":{"line":672,"column":24973}},"113":{"start":{"line":679,"column":8},"end":{"line":679,"column":35}},"114":{"start":{"line":681,"column":8},"end":{"line":681,"column":25177}},"115":{"start":{"line":682,"column":12},"end":{"line":682,"column":50}},"116":{"start":{"line":683,"column":12},"end":{"line":683,"column":25297}},"117":{"start":{"line":688,"column":8},"end":{"line":688,"column":25444}},"118":{"start":{"line":694,"column":8},"end":{"line":694,"column":37}},"119":{"start":{"line":695,"column":8},"end":{"line":695,"column":31}},"120":{"start":{"line":697,"column":8},"end":{"line":697,"column":25671}},"121":{"start":{"line":698,"column":12},"end":{"line":698,"column":50}},"122":{"start":{"line":699,"column":12},"end":{"line":699,"column":25791}},"123":{"start":{"line":700,"column":16},"end":{"line":700,"column":75}},"124":{"start":{"line":706,"column":8},"end":{"line":706,"column":26078}},"125":{"start":{"line":707,"column":12},"end":{"line":707,"column":61}},"126":{"start":{"line":708,"column":12},"end":{"line":708,"column":26180}},"127":{"start":{"line":715,"column":8},"end":{"line":715,"column":26346}},"128":{"start":{"line":716,"column":12},"end":{"line":716,"column":77}},"129":{"start":{"line":717,"column":12},"end":{"line":717,"column":69}},"130":{"start":{"line":719,"column":12},"end":{"line":719,"column":26570}},"131":{"start":{"line":720,"column":16},"end":{"line":720,"column":58}},"132":{"start":{"line":733,"column":8},"end":{"line":733,"column":15}},"133":{"start":{"line":740,"column":8},"end":{"line":740,"column":17}},"134":{"start":{"line":752,"column":8},"end":{"line":752,"column":83}},"135":{"start":{"line":753,"column":8},"end":{"line":753,"column":63}}},"branchMap":{"1":{"line":210,"type":"if","locations":[{"start":{"line":210,"column":8},"end":{"line":210,"column":8}},{"start":{"line":210,"column":8},"end":{"line":210,"column":8}}]},"2":{"line":210,"type":"cond-expr","locations":[{"start":{"line":210,"column":12},"end":{"line":210,"column":31}},{"start":{"line":210,"column":36},"end":{"line":210,"column":55}}]},"3":{"line":210,"type":"cond-expr","locations":[{"start":{"line":210,"column":12},"end":{"line":210,"column":55}},{"start":{"line":210,"column":60},"end":{"line":210,"column":86}}]},"4":{"line":241,"type":"if","locations":[{"start":{"line":241,"column":15},"end":{"line":241,"column":15}},{"start":{"line":241,"column":15},"end":{"line":241,"column":15}}]},"5":{"line":242,"type":"if","locations":[{"start":{"line":242,"column":8},"end":{"line":242,"column":8}},{"start":{"line":242,"column":8},"end":{"line":242,"column":8}}]},"6":{"line":243,"type":"if","locations":[{"start":{"line":243,"column":8},"end":{"line":243,"column":8}},{"start":{"line":243,"column":8},"end":{"line":243,"column":8}}]},"7":{"line":244,"type":"if","locations":[{"start":{"line":244,"column":8},"end":{"line":244,"column":8}},{"start":{"line":244,"column":8},"end":{"line":244,"column":8}}]},"8":{"line":245,"type":"if","locations":[{"start":{"line":245,"column":8},"end":{"line":245,"column":8}},{"start":{"line":245,"column":8},"end":{"line":245,"column":8}}]},"9":{"line":245,"type":"cond-expr","locations":[{"start":{"line":245,"column":12},"end":{"line":245,"column":25}},{"start":{"line":245,"column":30},"end":{"line":245,"column":43}}]},"10":{"line":246,"type":"if","locations":[{"start":{"line":246,"column":8},"end":{"line":246,"column":8}},{"start":{"line":246,"column":8},"end":{"line":246,"column":8}}]},"11":{"line":250,"type":"if","locations":[{"start":{"line":250,"column":12},"end":{"line":250,"column":12}},{"start":{"line":250,"column":12},"end":{"line":250,"column":12}}]},"12":{"line":294,"type":"if","locations":[{"start":{"line":294,"column":15},"end":{"line":294,"column":15}},{"start":{"line":294,"column":15},"end":{"line":294,"column":15}}]},"13":{"line":295,"type":"if","locations":[{"start":{"line":295,"column":8},"end":{"line":295,"column":8}},{"start":{"line":295,"column":8},"end":{"line":295,"column":8}}]},"14":{"line":301,"type":"if","locations":[{"start":{"line":301,"column":8},"end":{"line":301,"column":8}},{"start":{"line":301,"column":8},"end":{"line":301,"column":8}}]},"15":{"line":324,"type":"if","locations":[{"start":{"line":324,"column":12},"end":{"line":324,"column":12}},{"start":{"line":324,"column":12},"end":{"line":324,"column":12}}]},"16":{"line":343,"type":"if","locations":[{"start":{"line":343,"column":46},"end":{"line":343,"column":46}},{"start":{"line":343,"column":46},"end":{"line":343,"column":46}}]},"17":{"line":343,"type":"if","locations":[{"start":{"line":343,"column":59},"end":{"line":343,"column":59}},{"start":{"line":343,"column":59},"end":{"line":343,"column":59}}]},"18":{"line":344,"type":"if","locations":[{"start":{"line":344,"column":8},"end":{"line":344,"column":8}},{"start":{"line":344,"column":8},"end":{"line":344,"column":8}}]},"19":{"line":368,"type":"if","locations":[{"start":{"line":368,"column":47},"end":{"line":368,"column":47}},{"start":{"line":368,"column":47},"end":{"line":368,"column":47}}]},"20":{"line":369,"type":"if","locations":[{"start":{"line":369,"column":8},"end":{"line":369,"column":8}},{"start":{"line":369,"column":8},"end":{"line":369,"column":8}}]},"21":{"line":370,"type":"if","locations":[{"start":{"line":370,"column":8},"end":{"line":370,"column":8}},{"start":{"line":370,"column":8},"end":{"line":370,"column":8}}]},"22":{"line":400,"type":"if","locations":[{"start":{"line":400,"column":15},"end":{"line":400,"column":15}},{"start":{"line":400,"column":15},"end":{"line":400,"column":15}}]},"23":{"line":401,"type":"if","locations":[{"start":{"line":401,"column":8},"end":{"line":401,"column":8}},{"start":{"line":401,"column":8},"end":{"line":401,"column":8}}]},"24":{"line":404,"type":"if","locations":[{"start":{"line":404,"column":8},"end":{"line":404,"column":8}},{"start":{"line":404,"column":8},"end":{"line":404,"column":8}}]},"25":{"line":409,"type":"if","locations":[{"start":{"line":409,"column":12},"end":{"line":409,"column":12}},{"start":{"line":409,"column":12},"end":{"line":409,"column":12}}]},"26":{"line":410,"type":"if","locations":[{"start":{"line":410,"column":12},"end":{"line":410,"column":12}},{"start":{"line":410,"column":12},"end":{"line":410,"column":12}}]},"27":{"line":415,"type":"if","locations":[{"start":{"line":415,"column":8},"end":{"line":415,"column":8}},{"start":{"line":415,"column":8},"end":{"line":415,"column":8}}]},"28":{"line":416,"type":"if","locations":[{"start":{"line":416,"column":8},"end":{"line":416,"column":8}},{"start":{"line":416,"column":8},"end":{"line":416,"column":8}}]},"29":{"line":440,"type":"if","locations":[{"start":{"line":440,"column":38},"end":{"line":440,"column":38}},{"start":{"line":440,"column":38},"end":{"line":440,"column":38}}]},"30":{"line":441,"type":"if","locations":[{"start":{"line":441,"column":8},"end":{"line":441,"column":8}},{"start":{"line":441,"column":8},"end":{"line":441,"column":8}}]},"31":{"line":442,"type":"if","locations":[{"start":{"line":442,"column":8},"end":{"line":442,"column":8}},{"start":{"line":442,"column":8},"end":{"line":442,"column":8}}]},"32":{"line":452,"type":"if","locations":[{"start":{"line":452,"column":12},"end":{"line":452,"column":12}},{"start":{"line":452,"column":12},"end":{"line":452,"column":12}}]},"33":{"line":467,"type":"if","locations":[{"start":{"line":467,"column":35},"end":{"line":467,"column":35}},{"start":{"line":467,"column":35},"end":{"line":467,"column":35}}]},"34":{"line":470,"type":"if","locations":[{"start":{"line":470,"column":12},"end":{"line":470,"column":12}},{"start":{"line":470,"column":12},"end":{"line":470,"column":12}}]},"35":{"line":474,"type":"if","locations":[{"start":{"line":474,"column":20},"end":{"line":474,"column":20}},{"start":{"line":474,"column":20},"end":{"line":474,"column":20}}]},"36":{"line":495,"type":"if","locations":[{"start":{"line":495,"column":8},"end":{"line":495,"column":8}},{"start":{"line":495,"column":8},"end":{"line":495,"column":8}}]},"37":{"line":514,"type":"if","locations":[{"start":{"line":514,"column":12},"end":{"line":514,"column":12}},{"start":{"line":514,"column":12},"end":{"line":514,"column":12}}]},"38":{"line":528,"type":"if","locations":[{"start":{"line":528,"column":8},"end":{"line":528,"column":8}},{"start":{"line":528,"column":8},"end":{"line":528,"column":8}}]},"39":{"line":539,"type":"if","locations":[{"start":{"line":539,"column":8},"end":{"line":539,"column":8}},{"start":{"line":539,"column":8},"end":{"line":539,"column":8}}]},"40":{"line":539,"type":"cond-expr","locations":[{"start":{"line":539,"column":12},"end":{"line":539,"column":27}},{"start":{"line":539,"column":32},"end":{"line":539,"column":47}}]},"41":{"line":551,"type":"if","locations":[{"start":{"line":551,"column":8},"end":{"line":551,"column":8}},{"start":{"line":551,"column":8},"end":{"line":551,"column":8}}]},"42":{"line":595,"type":"if","locations":[{"start":{"line":595,"column":12},"end":{"line":595,"column":12}},{"start":{"line":595,"column":12},"end":{"line":595,"column":12}}]},"43":{"line":599,"type":"if","locations":[{"start":{"line":599,"column":16},"end":{"line":599,"column":16}},{"start":{"line":599,"column":16},"end":{"line":599,"column":16}}]},"44":{"line":618,"type":"if","locations":[{"start":{"line":618,"column":12},"end":{"line":618,"column":12}},{"start":{"line":618,"column":12},"end":{"line":618,"column":12}}]},"45":{"line":625,"type":"if","locations":[{"start":{"line":625,"column":16},"end":{"line":625,"column":16}},{"start":{"line":625,"column":16},"end":{"line":625,"column":16}}]},"46":{"line":643,"type":"if","locations":[{"start":{"line":643,"column":12},"end":{"line":643,"column":12}},{"start":{"line":643,"column":12},"end":{"line":643,"column":12}}]},"47":{"line":655,"type":"if","locations":[{"start":{"line":655,"column":12},"end":{"line":655,"column":12}},{"start":{"line":655,"column":12},"end":{"line":655,"column":12}}]},"48":{"line":660,"type":"if","locations":[{"start":{"line":660,"column":8},"end":{"line":660,"column":8}},{"start":{"line":660,"column":8},"end":{"line":660,"column":8}}]},"49":{"line":663,"type":"if","locations":[{"start":{"line":663,"column":16},"end":{"line":663,"column":16}},{"start":{"line":663,"column":16},"end":{"line":663,"column":16}}]},"50":{"line":672,"type":"if","locations":[{"start":{"line":672,"column":12},"end":{"line":672,"column":12}},{"start":{"line":672,"column":12},"end":{"line":672,"column":12}}]},"51":{"line":683,"type":"if","locations":[{"start":{"line":683,"column":12},"end":{"line":683,"column":12}},{"start":{"line":683,"column":12},"end":{"line":683,"column":12}}]},"52":{"line":688,"type":"if","locations":[{"start":{"line":688,"column":8},"end":{"line":688,"column":8}},{"start":{"line":688,"column":8},"end":{"line":688,"column":8}}]},"53":{"line":699,"type":"if","locations":[{"start":{"line":699,"column":12},"end":{"line":699,"column":12}},{"start":{"line":699,"column":12},"end":{"line":699,"column":12}}]},"54":{"line":706,"type":"if","locations":[{"start":{"line":706,"column":8},"end":{"line":706,"column":8}},{"start":{"line":706,"column":8},"end":{"line":706,"column":8}}]},"55":{"line":708,"type":"if","locations":[{"start":{"line":708,"column":12},"end":{"line":708,"column":12}},{"start":{"line":708,"column":12},"end":{"line":708,"column":12}}]},"56":{"line":715,"type":"if","locations":[{"start":{"line":715,"column":8},"end":{"line":715,"column":8}},{"start":{"line":715,"column":8},"end":{"line":715,"column":8}}]},"57":{"line":719,"type":"if","locations":[{"start":{"line":719,"column":12},"end":{"line":719,"column":12}},{"start":{"line":719,"column":12},"end":{"line":719,"column":12}}]},"58":{"line":732,"type":"if","locations":[{"start":{"line":732,"column":39},"end":{"line":732,"column":39}},{"start":{"line":732,"column":39},"end":{"line":732,"column":39}}]},"59":{"line":739,"type":"if","locations":[{"start":{"line":739,"column":32},"end":{"line":739,"column":32}},{"start":{"line":739,"column":32},"end":{"line":739,"column":32}}]},"60":{"line":751,"type":"if","locations":[{"start":{"line":751,"column":15},"end":{"line":751,"column":15}},{"start":{"line":751,"column":15},"end":{"line":751,"column":15}}]},"61":{"line":752,"type":"if","locations":[{"start":{"line":752,"column":8},"end":{"line":752,"column":8}},{"start":{"line":752,"column":8},"end":{"line":752,"column":8}}]},"62":{"line":752,"type":"cond-expr","locations":[{"start":{"line":752,"column":12},"end":{"line":752,"column":32}},{"start":{"line":752,"column":37},"end":{"line":752,"column":58}}]},"63":{"line":753,"type":"if","locations":[{"start":{"line":753,"column":8},"end":{"line":753,"column":8}},{"start":{"line":753,"column":8},"end":{"line":753,"column":8}}]}}}}
