TN:
SF:/Users/keerthirao/Documents/GitHub/projects/YieldRails/contracts/src/interfaces/IYieldStrategy.sol
FNF:0
FNH:0
LF:0
LH:0
BRF:0
BRH:0
end_of_record
TN:
SF:/Users/keerthirao/Documents/GitHub/projects/YieldRails/contracts/src/mocks/MockERC20.sol
FN:17,constructor
FN:21,decimals
FN:25,mint
FN:29,burn
FNF:4
FNH:2
FNDA:6,constructor
FNDA:0,decimals
FNDA:7,mint
FNDA:0,burn
DA:18,6
DA:22,0
DA:26,7
DA:30,0
LF:4
LH:2
BRF:0
BRH:0
end_of_record
TN:
SF:/Users/keerthirao/Documents/GitHub/projects/YieldRails/contracts/src/mocks/MockYieldStrategy.sol
FN:24,constructor
FN:29,setUserYield
FN:33,setShouldFail
FN:37,setCurrentAPY
FN:42,deposit
FN:54,withdraw
FN:68,emergencyWithdraw
FN:81,getCurrentAPY
FN:85,calculateUserYield
FN:92,getTotalYieldGenerated
FN:96,harvestYield
FN:101,convertToShares
FN:106,convertToAssets
FN:111,balanceOf
FN:115,getStrategyInfo
FN:128,totalAssets
FN:132,getRiskScore
FN:136,getPerformanceData
FN:140,isProfitable
FN:144,maxCapacity
FN:148,utilizationRate
FNF:21
FNH:12
FNDA:18,constructor
FNDA:10,setUserYield
FNDA:3,setShouldFail
FNDA:2,setCurrentAPY
FNDA:48,deposit
FNDA:15,withdraw
FNDA:1,emergencyWithdraw
FNDA:2,getCurrentAPY
FNDA:15,calculateUserYield
FNDA:0,getTotalYieldGenerated
FNDA:4,harvestYield
FNDA:48,convertToShares
FNDA:13,convertToAssets
FNDA:0,balanceOf
FNDA:0,getStrategyInfo
FNDA:0,totalAssets
FNDA:0,getRiskScore
FNDA:0,getPerformanceData
FNDA:0,isProfitable
FNDA:0,maxCapacity
FNDA:0,utilizationRate
DA:25,18
DA:30,10
DA:34,3
DA:38,2
DA:43,48
DA:45,48
DA:46,48
DA:47,48
DA:48,48
DA:50,48
DA:51,48
DA:55,15
DA:57,12
DA:58,12
DA:59,12
DA:60,12
DA:62,12
DA:64,12
DA:65,12
DA:69,1
DA:70,1
DA:72,1
DA:73,1
DA:74,1
DA:75,1
DA:77,1
DA:78,1
DA:82,2
DA:86,15
DA:87,1
DA:89,14
DA:93,0
DA:97,4
DA:98,4
DA:102,48
DA:103,0
DA:107,13
DA:108,13
DA:112,0
DA:116,0
DA:129,0
DA:133,0
DA:137,0
DA:141,0
DA:145,0
DA:149,0
LF:46
LH:36
BRDA:55,1,0,12
BRDA:55,1,1,3
BRDA:70,2,0,0
BRDA:70,2,1,1
BRDA:86,3,0,1
BRDA:86,3,1,14
BRDA:102,4,0,48
BRDA:102,4,1,0
BRDA:107,5,0,0
BRDA:107,5,1,13
BRDA:149,6,0,0
BRDA:149,6,1,0
BRF:12
BRH:7
end_of_record
TN:
SF:/Users/keerthirao/Documents/GitHub/projects/YieldRails/contracts/src/YieldEscrow.sol
FN:212,constructor
FN:251,createDeposit
FN:331,releasePayment
FN:388,withdrawMerchantBalance
FN:417,calculateYield
FN:451,_calculateAndUpdateYield
FN:473,withdrawUserYield
FN:501,emergencyWithdraw
FN:535,emergencyPause
FN:542,unpause
FN:560,addStrategy
FN:583,removeStrategy
FN:601,addSupportedToken
FN:625,getUserDeposit
FN:639,getUserDeposits
FN:647,getTotalValueLocked
FN:660,getStrategyMetrics
FN:668,_checkDailyLimits
FN:675,_checkUserLimits
FN:686,_updateDailyVolume
FN:691,_updateUserDailyVolume
FN:695,_updateStrategyMetrics
FN:711,_withdrawFromStrategy
FN:721,_emergencyWithdrawFromStrategy
FN:746,updateProtocolFeeRate
FN:765,withdrawProtocolFees
FNF:26
FNH:26
FNDA:2,constructor
FNDA:31,createDeposit
FNDA:16,releasePayment
FNDA:1,withdrawMerchantBalance
FNDA:17,calculateYield
FNDA:13,_calculateAndUpdateYield
FNDA:2,withdrawUserYield
FNDA:3,emergencyWithdraw
FNDA:3,emergencyPause
FNDA:1,unpause
FNDA:3,addStrategy
FNDA:2,removeStrategy
FNDA:4,addSupportedToken
FNDA:4,getUserDeposit
FNDA:1,getUserDeposits
FNDA:1,getTotalValueLocked
FNDA:1,getStrategyMetrics
FNDA:25,_checkDailyLimits
FNDA:25,_checkUserLimits
FNDA:25,_updateDailyVolume
FNDA:25,_updateUserDailyVolume
FNDA:35,_updateStrategyMetrics
FNDA:13,_withdrawFromStrategy
FNDA:1,_emergencyWithdrawFromStrategy
FNDA:2,updateProtocolFeeRate
FNDA:1,withdrawProtocolFees
DA:213,2
DA:214,1
DA:217,1
DA:218,1
DA:219,1
DA:253,31
DA:254,3
DA:256,28
DA:257,1
DA:259,27
DA:260,0
DA:262,27
DA:263,1
DA:265,26
DA:266,1
DA:270,25
DA:271,25
DA:274,25
DA:277,25
DA:278,25
DA:291,25
DA:292,25
DA:295,25
DA:296,25
DA:299,25
DA:300,25
DA:301,25
DA:303,25
DA:332,16
DA:333,1
DA:336,15
DA:338,15
DA:339,1
DA:341,14
DA:342,1
DA:346,13
DA:349,13
DA:352,13
DA:353,13
DA:354,13
DA:357,13
DA:358,13
DA:359,13
DA:362,13
DA:363,13
DA:366,10
DA:368,10
DA:389,1
DA:390,0
DA:393,1
DA:394,1
DA:395,0
DA:398,1
DA:399,1
DA:400,0
DA:403,1
DA:404,1
DA:421,17
DA:422,1
DA:425,16
DA:426,16
DA:427,1
DA:430,15
DA:433,14
DA:434,14
DA:435,14
DA:438,0
DA:441,1
DA:455,13
DA:457,13
DA:458,13
DA:459,13
DA:461,13
DA:474,2
DA:475,1
DA:478,1
DA:479,1
DA:480,1
DA:483,0
DA:484,0
DA:486,0
DA:502,3
DA:503,1
DA:506,2
DA:507,2
DA:508,1
DA:512,1
DA:515,1
DA:522,1
DA:524,1
DA:536,3
DA:543,1
DA:561,3
DA:562,1
DA:564,2
DA:565,0
DA:568,2
DA:569,2
DA:570,2
DA:572,2
DA:584,2
DA:585,1
DA:588,1
DA:590,1
DA:602,4
DA:603,1
DA:605,3
DA:606,1
DA:609,2
DA:610,2
DA:612,2
DA:629,4
DA:630,4
DA:640,1
DA:648,1
DA:649,1
DA:650,1
DA:661,1
DA:669,25
DA:670,25
DA:671,0
DA:676,25
DA:677,0
DA:680,25
DA:681,25
DA:682,0
DA:687,25
DA:688,25
DA:692,25
DA:696,35
DA:697,35
DA:698,35
DA:699,35
DA:702,35
DA:703,0
DA:704,0
DA:712,13
DA:713,10
DA:714,0
DA:717,3
DA:726,1
DA:727,1
DA:730,0
DA:731,0
DA:733,0
DA:747,2
DA:748,1
DA:751,1
DA:752,1
DA:754,1
DA:766,1
DA:767,1
DA:770,0
DA:771,0
LF:154
LH:134
BRDA:213,1,0,1
BRDA:213,1,1,1
BRDA:213,2,0,1
BRDA:213,2,1,0
BRDA:251,3,0,32
BRDA:251,3,1,0
BRDA:251,4,0,31
BRDA:251,4,1,1
BRDA:253,5,0,3
BRDA:253,5,1,28
BRDA:253,6,0,1
BRDA:253,6,1,2
BRDA:256,7,0,1
BRDA:256,7,1,27
BRDA:256,8,0,1
BRDA:256,8,1,0
BRDA:256,9,0,0
BRDA:256,9,1,0
BRDA:259,10,0,0
BRDA:259,10,1,27
BRDA:262,11,0,1
BRDA:262,11,1,26
BRDA:265,12,0,1
BRDA:265,12,1,25
BRDA:331,13,0,16
BRDA:331,13,1,0
BRDA:331,14,0,16
BRDA:331,14,1,0
BRDA:332,15,0,1
BRDA:332,15,1,15
BRDA:338,16,0,1
BRDA:338,16,1,14
BRDA:341,17,0,1
BRDA:341,17,1,13
BRDA:388,18,0,1
BRDA:388,18,1,0
BRDA:389,19,0,0
BRDA:389,19,1,1
BRDA:394,20,0,0
BRDA:394,20,1,1
BRDA:398,21,0,1
BRDA:398,21,1,0
BRDA:399,22,0,0
BRDA:399,22,1,1
BRDA:421,23,0,1
BRDA:421,23,1,16
BRDA:426,24,0,1
BRDA:426,24,1,15
BRDA:434,25,0,14
BRDA:434,25,1,0
BRDA:473,26,0,2
BRDA:473,26,1,0
BRDA:474,27,0,1
BRDA:474,27,1,1
BRDA:479,28,0,1
BRDA:479,28,1,0
BRDA:501,29,0,3
BRDA:501,29,1,0
BRDA:502,30,0,1
BRDA:502,30,1,2
BRDA:507,31,0,1
BRDA:507,31,1,1
BRDA:535,32,0,3
BRDA:535,32,1,0
BRDA:542,33,0,1
BRDA:542,33,1,0
BRDA:560,34,0,3
BRDA:560,34,1,1
BRDA:561,35,0,1
BRDA:561,35,1,2
BRDA:561,36,0,1
BRDA:561,36,1,0
BRDA:564,37,0,0
BRDA:564,37,1,2
BRDA:583,38,0,2
BRDA:583,38,1,0
BRDA:584,39,0,1
BRDA:584,39,1,1
BRDA:601,40,0,4
BRDA:601,40,1,1
BRDA:602,41,0,1
BRDA:602,41,1,3
BRDA:605,42,0,1
BRDA:605,42,1,2
BRDA:629,43,0,4
BRDA:629,43,1,0
BRDA:649,44,0,1
BRDA:649,44,1,0
BRDA:670,45,0,0
BRDA:670,45,1,25
BRDA:676,46,0,0
BRDA:676,46,1,25
BRDA:681,47,0,0
BRDA:681,47,1,25
BRDA:702,48,0,0
BRDA:702,48,1,35
BRDA:713,49,0,0
BRDA:713,49,1,10
BRDA:727,50,0,0
BRDA:727,50,1,1
BRDA:746,51,0,2
BRDA:746,51,1,1
BRDA:747,52,0,1
BRDA:747,52,1,1
BRDA:765,53,0,1
BRDA:765,53,1,1
BRDA:766,54,0,1
BRDA:766,54,1,0
BRF:108
BRH:77
end_of_record
TN:
SF:/Users/keerthirao/Documents/GitHub/projects/YieldRails/contracts/src/YieldVault.sol
FN:205,constructor
FN:241,addStrategy
FN:294,removeStrategy
FN:343,deposit
FN:368,withdraw
FN:400,rebalance
FN:440,autoRebalance
FN:467,harvestAll
FN:508,getCurrentAPY
FN:538,convertToShares
FN:550,convertToAssets
FN:562,balanceOf
FN:571,getStrategyInfo
FN:580,getStrategyPerformance
FN:592,_allocateToStrategies
FN:612,_withdrawFromStrategies
FN:638,_executeRebalance
FN:649,_calculateOptimalAllocations
FN:670,_getActiveStrategyCount
FN:678,_validateTotalAllocations
FN:693,_validateRiskLimits
FN:714,_collectFees
FN:732,emergencyPause
FN:739,unpause
FN:751,updateVaultParameters
FNF:25
FNH:23
FNDA:2,constructor
FNDA:44,addStrategy
FNDA:1,removeStrategy
FNDA:14,deposit
FNDA:2,withdraw
FNDA:3,rebalance
FNDA:1,autoRebalance
FNDA:2,harvestAll
FNDA:1,getCurrentAPY
FNDA:14,convertToShares
FNDA:3,convertToAssets
FNDA:4,balanceOf
FNDA:2,getStrategyInfo
FNDA:1,getStrategyPerformance
FNDA:13,_allocateToStrategies
FNDA:1,_withdrawFromStrategies
FNDA:1,_executeRebalance
FNDA:1,_calculateOptimalAllocations
FNDA:0,_getActiveStrategyCount
FNDA:0,_validateTotalAllocations
FNDA:38,_validateRiskLimits
FNDA:2,_collectFees
FNDA:2,emergencyPause
FNDA:1,unpause
FNDA:4,updateVaultParameters
DA:210,2
DA:211,1
DA:214,1
DA:215,1
DA:217,1
DA:218,1
DA:219,1
DA:220,1
DA:222,1
DA:242,44
DA:243,43
DA:244,42
DA:245,41
DA:246,39
DA:249,38
DA:250,38
DA:252,0
DA:255,38
DA:266,38
DA:267,38
DA:268,38
DA:271,38
DA:281,38
DA:283,38
DA:295,1
DA:297,1
DA:300,1
DA:301,1
DA:302,0
DA:304,0
DA:307,0
DA:309,0
DA:317,1
DA:318,1
DA:319,1
DA:320,1
DA:323,1
DA:324,1
DA:325,1
DA:326,1
DA:327,1
DA:331,1
DA:344,14
DA:347,13
DA:350,13
DA:353,13
DA:354,13
DA:355,13
DA:358,13
DA:360,13
DA:369,2
DA:370,2
DA:373,1
DA:376,1
DA:379,1
DA:380,1
DA:381,1
DA:384,1
DA:386,1
DA:401,3
DA:402,0
DA:404,3
DA:407,3
DA:408,3
DA:409,3
DA:410,3
DA:411,0
DA:415,0
DA:416,0
DA:419,0
DA:420,0
DA:421,0
DA:425,0
DA:426,0
DA:430,0
DA:432,0
DA:434,0
DA:441,1
DA:442,1
DA:443,0
DA:447,1
DA:450,1
DA:451,2
DA:452,2
DA:453,2
DA:458,1
DA:460,1
DA:468,2
DA:469,4
DA:470,4
DA:471,4
DA:473,4
DA:474,4
DA:475,4
DA:478,4
DA:480,4
DA:485,0
DA:491,2
DA:492,2
DA:495,2
DA:496,2
DA:509,1
DA:510,1
DA:512,1
DA:513,2
DA:514,2
DA:515,2
DA:517,2
DA:518,2
DA:519,2
DA:520,2
DA:523,0
DA:528,1
DA:529,1
DA:539,14
DA:540,14
DA:542,0
DA:551,3
DA:552,1
DA:554,2
DA:563,4
DA:572,2
DA:585,1
DA:593,13
DA:594,23
DA:595,23
DA:596,23
DA:597,23
DA:599,23
DA:600,23
DA:601,23
DA:602,23
DA:605,0
DA:613,1
DA:616,1
DA:617,2
DA:618,2
DA:619,2
DA:621,2
DA:622,2
DA:625,2
DA:626,2
DA:627,2
DA:628,2
DA:631,0
DA:641,1
DA:642,2
DA:643,2
DA:644,2
DA:650,1
DA:653,1
DA:654,1
DA:655,2
DA:656,2
DA:660,1
DA:661,1
DA:662,1
DA:663,2
DA:664,2
DA:671,0
DA:672,0
DA:673,0
DA:679,0
DA:681,0
DA:682,0
DA:683,0
DA:684,0
DA:688,0
DA:689,0
DA:694,38
DA:695,38
DA:697,38
DA:698,94
DA:699,94
DA:700,94
DA:701,94
DA:702,94
DA:706,38
DA:707,38
DA:708,38
DA:709,0
DA:715,2
DA:716,2
DA:717,2
DA:719,2
DA:720,2
DA:733,2
DA:740,1
DA:752,4
DA:753,2
DA:755,1
DA:756,1
DA:757,1
DA:758,1
LF:194
LH:160
BRDA:210,1,0,1
BRDA:210,1,1,1
BRDA:210,2,0,1
BRDA:210,2,1,0
BRDA:210,3,0,0
BRDA:210,3,1,0
BRDA:241,4,0,44
BRDA:241,4,1,1
BRDA:242,5,0,1
BRDA:242,5,1,43
BRDA:243,6,0,1
BRDA:243,6,1,42
BRDA:244,7,0,1
BRDA:244,7,1,41
BRDA:245,8,0,2
BRDA:245,8,1,39
BRDA:245,9,0,1
BRDA:245,9,1,1
BRDA:246,10,0,1
BRDA:246,10,1,38
BRDA:250,11,0,0
BRDA:250,11,1,38
BRDA:294,12,0,1
BRDA:294,12,1,0
BRDA:295,13,0,0
BRDA:295,13,1,1
BRDA:301,14,0,0
BRDA:301,14,1,1
BRDA:324,15,0,1
BRDA:324,15,1,0
BRDA:343,16,0,15
BRDA:343,16,1,0
BRDA:343,17,0,14
BRDA:343,17,1,1
BRDA:344,18,0,1
BRDA:344,18,1,13
BRDA:368,19,0,2
BRDA:368,19,1,0
BRDA:369,20,0,0
BRDA:369,20,1,2
BRDA:370,21,0,1
BRDA:370,21,1,1
BRDA:400,22,0,3
BRDA:400,22,1,1
BRDA:401,23,0,0
BRDA:401,23,1,3
BRDA:404,24,0,0
BRDA:404,24,1,3
BRDA:409,25,0,0
BRDA:409,25,1,3
BRDA:410,26,0,3
BRDA:410,26,1,0
BRDA:415,27,0,0
BRDA:415,27,1,0
BRDA:416,28,0,0
BRDA:416,28,1,0
BRDA:440,29,0,1
BRDA:440,29,1,0
BRDA:441,30,0,0
BRDA:441,30,1,1
BRDA:442,31,0,0
BRDA:442,31,1,1
BRDA:452,32,0,2
BRDA:452,32,1,0
BRDA:467,33,0,2
BRDA:467,33,1,0
BRDA:470,34,0,4
BRDA:470,34,1,0
BRDA:474,35,0,4
BRDA:474,35,1,0
BRDA:495,36,0,2
BRDA:495,36,1,0
BRDA:514,37,0,2
BRDA:514,37,1,0
BRDA:528,38,0,1
BRDA:528,38,1,0
BRDA:539,39,0,14
BRDA:539,39,1,0
BRDA:539,40,0,14
BRDA:539,40,1,0
BRDA:551,41,0,1
BRDA:551,41,1,2
BRDA:595,42,0,23
BRDA:595,42,1,0
BRDA:599,43,0,23
BRDA:599,43,1,0
BRDA:618,44,0,2
BRDA:618,44,1,0
BRDA:625,45,0,2
BRDA:625,45,1,0
BRDA:643,46,0,2
BRDA:643,46,1,0
BRDA:655,47,0,2
BRDA:655,47,1,0
BRDA:660,48,0,1
BRDA:660,48,1,0
BRDA:663,49,0,2
BRDA:663,49,1,0
BRDA:672,50,0,0
BRDA:672,50,1,0
BRDA:683,51,0,0
BRDA:683,51,1,0
BRDA:688,52,0,0
BRDA:688,52,1,0
BRDA:699,53,0,94
BRDA:699,53,1,0
BRDA:706,54,0,38
BRDA:706,54,1,0
BRDA:708,55,0,0
BRDA:708,55,1,38
BRDA:715,56,0,2
BRDA:715,56,1,0
BRDA:719,57,0,2
BRDA:719,57,1,0
BRDA:732,58,0,2
BRDA:732,58,1,1
BRDA:739,59,0,1
BRDA:739,59,1,0
BRDA:751,60,0,4
BRDA:751,60,1,1
BRDA:752,61,0,2
BRDA:752,61,1,2
BRDA:752,62,0,1
BRDA:752,62,1,1
BRDA:753,63,0,1
BRDA:753,63,1,1
BRF:126
BRH:75
end_of_record
